  Microsoft (R) 32b/64b MIDL Compiler Version 8.00.0603 
  Copyright (c) Microsoft Corporation. All rights reserved.
  Processing .\hello.idl
  hello.idl
  Processing .\hello.acf
  hello.acf
  Microsoft (R) C/C++ Optimizing Compiler Version 19.16.27045 for x86
  Copyright (C) Microsoft Corporation.  All rights reserved.
  
  helloc.c
c:\users\balag\source\repos\hellorpc\hellorpc\hello.h(69): error C2373: 'SendMessageA': redefinition; different type modifiers
  C:\Program Files (x86)\Windows Kits\8.1\Include\um\winuser.h(3551): note: see declaration of 'SendMessageA'
  hello_c.c
c:\users\balag\source\repos\hellorpc\hellorpc\hello.h(69): error C2373: 'SendMessageA': redefinition; different type modifiers
  C:\Program Files (x86)\Windows Kits\8.1\Include\um\winuser.h(3551): note: see declaration of 'SendMessageA'
hello_c.c(164): error C2373: 'SendMessageA': redefinition; different type modifiers
  C:\Program Files (x86)\Windows Kits\8.1\Include\um\winuser.h(3551): note: see declaration of 'SendMessageA'
  Generating Code...
  Microsoft (R) C/C++ Optimizing Compiler Version 19.16.27045 for x86
  Copyright (C) Microsoft Corporation.  All rights reserved.
  
  hellos.c
c:\users\balag\source\repos\hellorpc\hellorpc\hello.h(69): error C2373: 'SendMessageA': redefinition; different type modifiers
  C:\Program Files (x86)\Windows Kits\8.1\Include\um\winuser.h(3551): note: see declaration of 'SendMessageA'
  hello_s.c
c:\users\balag\source\repos\hellorpc\hellorpc\hello.h(69): error C2373: 'SendMessageA': redefinition; different type modifiers
  C:\Program Files (x86)\Windows Kits\8.1\Include\um\winuser.h(3551): note: see declaration of 'SendMessageA'
  hellop.c
c:\users\balag\source\repos\hellorpc\hellorpc\hello.h(69): error C2373: 'SendMessageA': redefinition; different type modifiers
  C:\Program Files (x86)\Windows Kits\8.1\Include\um\winuser.h(3551): note: see declaration of 'SendMessageA'
  Generating Code...
C:\Program Files (x86)\Microsoft Visual Studio\2017\Community\Common7\IDE\VC\VCTargets\Microsoft.MakeFile.Targets(44,5): error MSB3073: The command "midl hello.idl
C:\Program Files (x86)\Microsoft Visual Studio\2017\Community\Common7\IDE\VC\VCTargets\Microsoft.MakeFile.Targets(44,5): error MSB3073: 
C:\Program Files (x86)\Microsoft Visual Studio\2017\Community\Common7\IDE\VC\VCTargets\Microsoft.MakeFile.Targets(44,5): error MSB3073: cl helloc.c hello_c.c /link /out:Debug\client.exe rpcrt4.lib
C:\Program Files (x86)\Microsoft Visual Studio\2017\Community\Common7\IDE\VC\VCTargets\Microsoft.MakeFile.Targets(44,5): error MSB3073: cl hellos.c hello_s.c hellop.c /link /out:Debug\server.exe rpcrt4.lib
C:\Program Files (x86)\Microsoft Visual Studio\2017\Community\Common7\IDE\VC\VCTargets\Microsoft.MakeFile.Targets(44,5): error MSB3073: " exited with code 2.
